
janv. 13, 2020 11:22:37.78 NEW SESSION
janv. 13, 2020 11:22:37.78 Fontconfig warning: "/etc/fonts/fonts.conf", line 86: unknown element "blank"
janv. 13, 2020 11:22:37.93 Ouverture dans une session de navigateur existante.
janv. 13, 2020 11:23:07.02 Fontconfig warning: "/etc/fonts/fonts.conf", line 86: unknown element "blank"
janv. 13, 2020 11:23:07.18 Ouverture dans une session de navigateur existante.
janv. 13, 2020 11:24:25.68 Fontconfig warning: "/etc/fonts/fonts.conf", line 86: unknown element "blank"
janv. 13, 2020 11:24:25.82 Ouverture dans une session de navigateur existante.
janv. 13, 2020 11:53:40.89 Fontconfig warning: "/etc/fonts/fonts.conf", line 86: unknown element "blank"
janv. 13, 2020 11:53:41.00 Ouverture dans une session de navigateur existante.
janv. 13, 2020 14:33:33.02 Fontconfig warning: "/etc/fonts/fonts.conf", line 86: unknown element "blank"
janv. 13, 2020 14:33:33.14 ATTENTION: default value of option force_s3tc_enable overridden by environment.
janv. 13, 2020 14:33:33.16 [6914:6914:0113/143333.166118:ERROR:sandbox_linux.cc(372)] InitializeSandbox() called with multiple threads in process gpu-process.
janv. 13, 2020 16:21:13.21 Fontconfig error: Cannot load default config file
janv. 13, 2020 16:26:51.49 
janv. 13, 2020 16:26:51.50 (file-roller:17966): GLib-GObject-CRITICAL **: g_value_set_object: assertion 'G_VALUE_HOLDS_OBJECT (value)' failed
janv. 13, 2020 16:29:36.57 
janv. 13, 2020 16:29:36.57 (file-roller:17966): GLib-GIO-CRITICAL **: g_file_query_info: assertion 'G_IS_FILE (file)' failed
janv. 13, 2020 16:29:36.57 
janv. 13, 2020 16:29:36.57 (file-roller:17966): GLib-GIO-CRITICAL **: g_file_info_has_attribute: assertion 'G_IS_FILE_INFO (info)' failed
janv. 13, 2020 16:29:36.57 
janv. 13, 2020 16:29:36.57 (file-roller:17966): GLib-GIO-CRITICAL **: g_file_info_has_attribute: assertion 'G_IS_FILE_INFO (info)' failed
janv. 13, 2020 16:29:36.57 
janv. 13, 2020 16:29:36.57 (file-roller:17966): GLib-GObject-CRITICAL **: g_object_unref: assertion 'G_IS_OBJECT (object)' failed
janv. 13, 2020 16:29:36.57 
janv. 13, 2020 16:29:36.57 (file-roller:17966): GLib-GObject-CRITICAL **: g_object_ref: assertion 'G_IS_OBJECT (object)' failed
janv. 13, 2020 16:29:36.57 
janv. 13, 2020 16:29:36.57 (file-roller:17966): GLib-GIO-CRITICAL **: g_file_query_exists: assertion 'G_IS_FILE(file)' failed
janv. 13, 2020 16:29:36.57 
janv. 13, 2020 16:29:36.57 (file-roller:17966): GLib-GIO-CRITICAL **: g_file_get_uri: assertion 'G_IS_FILE (file)' failed
janv. 13, 2020 16:29:36.57 
janv. 13, 2020 16:29:36.57 (file-roller:17966): GLib-CRITICAL **: g_filename_display_basename: assertion 'filename != NULL' failed
janv. 13, 2020 16:29:39.20 
janv. 13, 2020 16:29:39.20 (file-roller:17966): GLib-GObject-CRITICAL **: g_object_unref: assertion 'G_IS_OBJECT (object)' failed
